e:\c++\liarmaxplugins\meshexport\obj\x64\debug\submaterial.obj
e:\c++\liarmaxplugins\meshexport\obj\x64\debug\dllentry.obj
e:\c++\liarmaxplugins\meshexport\obj\x64\debug\meshexport.obj
e:\c++\liarmaxplugins\meshexport\obj\x64\debug\vc140.pdb
d:\inittools\3dmax2019\3ds max 2019\plugins\meshexport.ilk
d:\inittools\3dmax2019\3ds max 2019\plugins\meshexport.dle
d:\inittools\3dmax2019\3ds max 2019\plugins\meshexport.dle.pdb
e:\c++\liarmaxplugins\meshexport\obj\x64\debug\meshexport.lib
e:\c++\liarmaxplugins\meshexport\obj\x64\debug\meshexport.exp
e:\c++\liarmaxplugins\meshexport\obj\x64\debug\meshexport.res
e:\c++\liarmaxplugins\meshexport\obj\x64\debug\meshexport.tlog\cl.command.1.tlog
e:\c++\liarmaxplugins\meshexport\obj\x64\debug\meshexport.tlog\cl.read.1.tlog
e:\c++\liarmaxplugins\meshexport\obj\x64\debug\meshexport.tlog\cl.write.1.tlog
e:\c++\liarmaxplugins\meshexport\obj\x64\debug\meshexport.tlog\link.command.1.tlog
e:\c++\liarmaxplugins\meshexport\obj\x64\debug\meshexport.tlog\link.read.1.tlog
e:\c++\liarmaxplugins\meshexport\obj\x64\debug\meshexport.tlog\link.write.1.tlog
e:\c++\liarmaxplugins\meshexport\obj\x64\debug\meshexport.tlog\meshexport.write.1u.tlog
e:\c++\liarmaxplugins\meshexport\obj\x64\debug\meshexport.tlog\rc.command.1.tlog
e:\c++\liarmaxplugins\meshexport\obj\x64\debug\meshexport.tlog\rc.read.1.tlog
e:\c++\liarmaxplugins\meshexport\obj\x64\debug\meshexport.tlog\rc.write.1.tlog
